{"/home/adriana/code/cohort3/react-02/src/components/ticTacToe.js": {"path":"/home/adriana/code/cohort3/react-02/src/components/ticTacToe.js","statementMap":{"0":{"start":{"line":6,"column":1},"end":{"line":10,"column":3}},"1":{"start":{"line":7,"column":44},"end":{"line":7,"column":59}},"2":{"start":{"line":15,"column":2},"end":{"line":20,"column":4}},"3":{"start":{"line":18,"column":19},"end":{"line":18,"column":40}},"4":{"start":{"line":24,"column":2},"end":{"line":42,"column":4}},"5":{"start":{"line":48,"column":2},"end":{"line":48,"column":15}},"6":{"start":{"line":49,"column":2},"end":{"line":57,"column":4}},"7":{"start":{"line":61,"column":18},"end":{"line":61,"column":72}},"8":{"start":{"line":62,"column":18},"end":{"line":62,"column":45}},"9":{"start":{"line":63,"column":18},"end":{"line":63,"column":41}},"10":{"start":{"line":64,"column":2},"end":{"line":66,"column":3}},"11":{"start":{"line":65,"column":3},"end":{"line":65,"column":10}},"12":{"start":{"line":67,"column":2},"end":{"line":67,"column":46}},"13":{"start":{"line":68,"column":2},"end":{"line":76,"column":5}},"14":{"start":{"line":79,"column":2},"end":{"line":82,"column":5}},"15":{"start":{"line":86,"column":18},"end":{"line":86,"column":36}},"16":{"start":{"line":87,"column":18},"end":{"line":87,"column":48}},"17":{"start":{"line":88,"column":17},"end":{"line":88,"column":49}},"18":{"start":{"line":90,"column":16},"end":{"line":102,"column":4}},"19":{"start":{"line":91,"column":16},"end":{"line":91,"column":61}},"20":{"start":{"line":92,"column":3},"end":{"line":101,"column":5}},"21":{"start":{"line":96,"column":21},"end":{"line":96,"column":38}},"22":{"start":{"line":105,"column":2},"end":{"line":109,"column":3}},"23":{"start":{"line":106,"column":3},"end":{"line":106,"column":38}},"24":{"start":{"line":108,"column":3},"end":{"line":108,"column":69}},"25":{"start":{"line":111,"column":2},"end":{"line":125,"column":4}},"26":{"start":{"line":118,"column":20},"end":{"line":118,"column":39}},"27":{"start":{"line":134,"column":15},"end":{"line":143,"column":2}},"28":{"start":{"line":144,"column":1},"end":{"line":153,"column":2}},"29":{"start":{"line":144,"column":14},"end":{"line":144,"column":15}},"30":{"start":{"line":145,"column":20},"end":{"line":145,"column":28}},"31":{"start":{"line":146,"column":2},"end":{"line":152,"column":3}},"32":{"start":{"line":151,"column":3},"end":{"line":151,"column":21}},"33":{"start":{"line":154,"column":1},"end":{"line":156,"column":2}},"34":{"start":{"line":154,"column":14},"end":{"line":154,"column":15}},"35":{"start":{"line":155,"column":2},"end":{"line":155,"column":37}},"36":{"start":{"line":155,"column":25},"end":{"line":155,"column":37}},"37":{"start":{"line":157,"column":1},"end":{"line":157,"column":18}}},"fnMap":{"0":{"name":"Square","decl":{"start":{"line":5,"column":9},"end":{"line":5,"column":15}},"loc":{"start":{"line":5,"column":23},"end":{"line":11,"column":1}},"line":5},"1":{"name":"(anonymous_1)","decl":{"start":{"line":7,"column":38},"end":{"line":7,"column":39}},"loc":{"start":{"line":7,"column":44},"end":{"line":7,"column":59}},"line":7},"2":{"name":"(anonymous_2)","decl":{"start":{"line":14,"column":1},"end":{"line":14,"column":2}},"loc":{"start":{"line":14,"column":17},"end":{"line":21,"column":2}},"line":14},"3":{"name":"(anonymous_3)","decl":{"start":{"line":18,"column":13},"end":{"line":18,"column":14}},"loc":{"start":{"line":18,"column":19},"end":{"line":18,"column":40}},"line":18},"4":{"name":"(anonymous_4)","decl":{"start":{"line":23,"column":1},"end":{"line":23,"column":2}},"loc":{"start":{"line":23,"column":10},"end":{"line":43,"column":2}},"line":23},"5":{"name":"(anonymous_5)","decl":{"start":{"line":47,"column":1},"end":{"line":47,"column":2}},"loc":{"start":{"line":47,"column":20},"end":{"line":58,"column":2}},"line":47},"6":{"name":"(anonymous_6)","decl":{"start":{"line":60,"column":1},"end":{"line":60,"column":2}},"loc":{"start":{"line":60,"column":16},"end":{"line":77,"column":2}},"line":60},"7":{"name":"(anonymous_7)","decl":{"start":{"line":78,"column":1},"end":{"line":78,"column":2}},"loc":{"start":{"line":78,"column":14},"end":{"line":83,"column":2}},"line":78},"8":{"name":"(anonymous_8)","decl":{"start":{"line":85,"column":1},"end":{"line":85,"column":2}},"loc":{"start":{"line":85,"column":10},"end":{"line":126,"column":2}},"line":85},"9":{"name":"(anonymous_9)","decl":{"start":{"line":90,"column":28},"end":{"line":90,"column":29}},"loc":{"start":{"line":90,"column":44},"end":{"line":102,"column":3}},"line":90},"10":{"name":"(anonymous_10)","decl":{"start":{"line":96,"column":15},"end":{"line":96,"column":16}},"loc":{"start":{"line":96,"column":21},"end":{"line":96,"column":38}},"line":96},"11":{"name":"(anonymous_11)","decl":{"start":{"line":118,"column":15},"end":{"line":118,"column":16}},"loc":{"start":{"line":118,"column":20},"end":{"line":118,"column":39}},"line":118},"12":{"name":"calculateWinner","decl":{"start":{"line":133,"column":9},"end":{"line":133,"column":24}},"loc":{"start":{"line":133,"column":34},"end":{"line":159,"column":1}},"line":133}},"branchMap":{"0":{"loc":{"start":{"line":64,"column":2},"end":{"line":66,"column":3}},"type":"if","locations":[{"start":{"line":64,"column":2},"end":{"line":66,"column":3}},{"start":{"line":64,"column":2},"end":{"line":66,"column":3}}],"line":64},"1":{"loc":{"start":{"line":64,"column":6},"end":{"line":64,"column":44}},"type":"binary-expr","locations":[{"start":{"line":64,"column":6},"end":{"line":64,"column":30}},{"start":{"line":64,"column":34},"end":{"line":64,"column":44}}],"line":64},"2":{"loc":{"start":{"line":67,"column":15},"end":{"line":67,"column":45}},"type":"cond-expr","locations":[{"start":{"line":67,"column":36},"end":{"line":67,"column":39}},{"start":{"line":67,"column":42},"end":{"line":67,"column":45}}],"line":67},"3":{"loc":{"start":{"line":91,"column":16},"end":{"line":91,"column":61}},"type":"cond-expr","locations":[{"start":{"line":91,"column":23},"end":{"line":91,"column":44}},{"start":{"line":91,"column":47},"end":{"line":91,"column":61}}],"line":91},"4":{"loc":{"start":{"line":105,"column":2},"end":{"line":109,"column":3}},"type":"if","locations":[{"start":{"line":105,"column":2},"end":{"line":109,"column":3}},{"start":{"line":105,"column":2},"end":{"line":109,"column":3}}],"line":105},"5":{"loc":{"start":{"line":108,"column":37},"end":{"line":108,"column":67}},"type":"cond-expr","locations":[{"start":{"line":108,"column":58},"end":{"line":108,"column":61}},{"start":{"line":108,"column":64},"end":{"line":108,"column":67}}],"line":108},"6":{"loc":{"start":{"line":146,"column":2},"end":{"line":152,"column":3}},"type":"if","locations":[{"start":{"line":146,"column":2},"end":{"line":152,"column":3}},{"start":{"line":146,"column":2},"end":{"line":152,"column":3}}],"line":146},"7":{"loc":{"start":{"line":147,"column":3},"end":{"line":149,"column":28}},"type":"binary-expr","locations":[{"start":{"line":147,"column":3},"end":{"line":147,"column":13}},{"start":{"line":148,"column":3},"end":{"line":148,"column":28}},{"start":{"line":149,"column":3},"end":{"line":149,"column":28}}],"line":147},"8":{"loc":{"start":{"line":155,"column":2},"end":{"line":155,"column":37}},"type":"if","locations":[{"start":{"line":155,"column":2},"end":{"line":155,"column":37}},{"start":{"line":155,"column":2},"end":{"line":155,"column":37}}],"line":155}},"s":{"0":0,"1":0,"2":0,"3":0,"4":0,"5":0,"6":0,"7":0,"8":0,"9":0,"10":0,"11":0,"12":0,"13":0,"14":0,"15":0,"16":0,"17":0,"18":0,"19":0,"20":0,"21":0,"22":0,"23":0,"24":0,"25":0,"26":0,"27":0,"28":0,"29":0,"30":0,"31":0,"32":0,"33":0,"34":0,"35":0,"36":0,"37":0},"f":{"0":0,"1":0,"2":0,"3":0,"4":0,"5":0,"6":0,"7":0,"8":0,"9":0,"10":0,"11":0,"12":0},"b":{"0":[0,0],"1":[0,0],"2":[0,0],"3":[0,0],"4":[0,0],"5":[0,0],"6":[0,0],"7":[0,0,0],"8":[0,0]},"_coverageSchema":"43e27e138ebf9cfc5966b082cf9a028302ed4184","hash":"29af77039e85359dbcc2d8bc0a826e6c0f67aa87"}
,"/home/adriana/code/cohort3/react-02/src/components/accounts/accountsLogic.js": {"path":"/home/adriana/code/cohort3/react-02/src/components/accounts/accountsLogic.js","statementMap":{"0":{"start":{"line":4,"column":2},"end":{"line":4,"column":25}},"1":{"start":{"line":5,"column":2},"end":{"line":5,"column":33}},"2":{"start":{"line":6,"column":2},"end":{"line":6,"column":33}},"3":{"start":{"line":10,"column":2},"end":{"line":10,"column":39}},"4":{"start":{"line":11,"column":2},"end":{"line":11,"column":22}},"5":{"start":{"line":15,"column":17},"end":{"line":15,"column":38}},"6":{"start":{"line":16,"column":2},"end":{"line":21,"column":3}},"7":{"start":{"line":17,"column":3},"end":{"line":17,"column":27}},"8":{"start":{"line":18,"column":3},"end":{"line":18,"column":19}},"9":{"start":{"line":20,"column":3},"end":{"line":20,"column":16}},"10":{"start":{"line":27,"column":2},"end":{"line":27,"column":47}},"11":{"start":{"line":28,"column":2},"end":{"line":28,"column":25}},"12":{"start":{"line":29,"column":2},"end":{"line":29,"column":15}},"13":{"start":{"line":33,"column":2},"end":{"line":37,"column":14}},"14":{"start":{"line":36,"column":17},"end":{"line":36,"column":67}},"15":{"start":{"line":41,"column":2},"end":{"line":41,"column":13}},"16":{"start":{"line":42,"column":19},"end":{"line":42,"column":44}},"17":{"start":{"line":43,"column":21},"end":{"line":43,"column":63}},"18":{"start":{"line":44,"column":2},"end":{"line":44,"column":37}},"19":{"start":{"line":45,"column":2},"end":{"line":45,"column":70}},"20":{"start":{"line":49,"column":2},"end":{"line":54,"column":3}},"21":{"start":{"line":50,"column":3},"end":{"line":53,"column":4}},"22":{"start":{"line":51,"column":4},"end":{"line":51,"column":66}},"23":{"start":{"line":52,"column":4},"end":{"line":52,"column":16}},"24":{"start":{"line":55,"column":2},"end":{"line":55,"column":15}},"25":{"start":{"line":60,"column":2},"end":{"line":64,"column":5}},"26":{"start":{"line":61,"column":3},"end":{"line":63,"column":4}},"27":{"start":{"line":62,"column":4},"end":{"line":62,"column":30}},"28":{"start":{"line":65,"column":2},"end":{"line":65,"column":70}},"29":{"start":{"line":66,"column":2},"end":{"line":66,"column":74}},"30":{"start":{"line":71,"column":2},"end":{"line":75,"column":5}},"31":{"start":{"line":72,"column":3},"end":{"line":74,"column":4}},"32":{"start":{"line":73,"column":4},"end":{"line":73,"column":23}},"33":{"start":{"line":76,"column":2},"end":{"line":76,"column":49}},"34":{"start":{"line":80,"column":20},"end":{"line":80,"column":63}},"35":{"start":{"line":81,"column":2},"end":{"line":96,"column":3}},"36":{"start":{"line":82,"column":3},"end":{"line":82,"column":51}},"37":{"start":{"line":83,"column":3},"end":{"line":83,"column":82}},"38":{"start":{"line":84,"column":3},"end":{"line":84,"column":50}},"39":{"start":{"line":86,"column":18},"end":{"line":86,"column":66}},"40":{"start":{"line":87,"column":3},"end":{"line":95,"column":4}},"41":{"start":{"line":88,"column":4},"end":{"line":89,"column":56}},"42":{"start":{"line":90,"column":4},"end":{"line":90,"column":11}},"43":{"start":{"line":92,"column":4},"end":{"line":92,"column":28}},"44":{"start":{"line":93,"column":4},"end":{"line":93,"column":86}},"45":{"start":{"line":94,"column":4},"end":{"line":94,"column":51}},"46":{"start":{"line":100,"column":21},"end":{"line":103,"column":3}},"47":{"start":{"line":101,"column":26},"end":{"line":101,"column":52}},"48":{"start":{"line":104,"column":2},"end":{"line":104,"column":28}},"49":{"start":{"line":108,"column":2},"end":{"line":114,"column":3}},"50":{"start":{"line":109,"column":3},"end":{"line":111,"column":5}},"51":{"start":{"line":110,"column":28},"end":{"line":110,"column":63}},"52":{"start":{"line":112,"column":20},"end":{"line":112,"column":40}},"53":{"start":{"line":113,"column":3},"end":{"line":113,"column":72}},"54":{"start":{"line":115,"column":2},"end":{"line":115,"column":15}},"55":{"start":{"line":119,"column":2},"end":{"line":125,"column":3}},"56":{"start":{"line":120,"column":3},"end":{"line":122,"column":5}},"57":{"start":{"line":121,"column":28},"end":{"line":121,"column":63}},"58":{"start":{"line":123,"column":20},"end":{"line":123,"column":40}},"59":{"start":{"line":124,"column":3},"end":{"line":124,"column":72}},"60":{"start":{"line":126,"column":2},"end":{"line":126,"column":15}}},"fnMap":{"0":{"name":"(anonymous_0)","decl":{"start":{"line":3,"column":1},"end":{"line":3,"column":2}},"loc":{"start":{"line":3,"column":40},"end":{"line":7,"column":2}},"line":3},"1":{"name":"(anonymous_1)","decl":{"start":{"line":9,"column":1},"end":{"line":9,"column":2}},"loc":{"start":{"line":9,"column":17},"end":{"line":12,"column":2}},"line":9},"2":{"name":"(anonymous_2)","decl":{"start":{"line":14,"column":1},"end":{"line":14,"column":2}},"loc":{"start":{"line":14,"column":18},"end":{"line":22,"column":2}},"line":14},"3":{"name":"(anonymous_3)","decl":{"start":{"line":26,"column":1},"end":{"line":26,"column":2}},"loc":{"start":{"line":26,"column":15},"end":{"line":30,"column":2}},"line":26},"4":{"name":"(anonymous_4)","decl":{"start":{"line":32,"column":1},"end":{"line":32,"column":2}},"loc":{"start":{"line":32,"column":20},"end":{"line":38,"column":2}},"line":32},"5":{"name":"(anonymous_5)","decl":{"start":{"line":36,"column":8},"end":{"line":36,"column":9}},"loc":{"start":{"line":36,"column":17},"end":{"line":36,"column":67}},"line":36},"6":{"name":"(anonymous_6)","decl":{"start":{"line":40,"column":1},"end":{"line":40,"column":2}},"loc":{"start":{"line":40,"column":34},"end":{"line":46,"column":2}},"line":40},"7":{"name":"(anonymous_7)","decl":{"start":{"line":48,"column":1},"end":{"line":48,"column":2}},"loc":{"start":{"line":48,"column":40},"end":{"line":56,"column":2}},"line":48},"8":{"name":"(anonymous_8)","decl":{"start":{"line":58,"column":1},"end":{"line":58,"column":2}},"loc":{"start":{"line":58,"column":27},"end":{"line":67,"column":2}},"line":58},"9":{"name":"(anonymous_9)","decl":{"start":{"line":60,"column":28},"end":{"line":60,"column":29}},"loc":{"start":{"line":60,"column":39},"end":{"line":64,"column":3}},"line":60},"10":{"name":"(anonymous_10)","decl":{"start":{"line":69,"column":1},"end":{"line":69,"column":2}},"loc":{"start":{"line":69,"column":30},"end":{"line":77,"column":2}},"line":69},"11":{"name":"(anonymous_11)","decl":{"start":{"line":71,"column":28},"end":{"line":71,"column":29}},"loc":{"start":{"line":71,"column":35},"end":{"line":75,"column":3}},"line":71},"12":{"name":"(anonymous_12)","decl":{"start":{"line":79,"column":1},"end":{"line":79,"column":2}},"loc":{"start":{"line":79,"column":53},"end":{"line":97,"column":2}},"line":79},"13":{"name":"(anonymous_13)","decl":{"start":{"line":99,"column":1},"end":{"line":99,"column":2}},"loc":{"start":{"line":99,"column":16},"end":{"line":105,"column":2}},"line":99},"14":{"name":"(anonymous_14)","decl":{"start":{"line":101,"column":3},"end":{"line":101,"column":4}},"loc":{"start":{"line":101,"column":26},"end":{"line":101,"column":52}},"line":101},"15":{"name":"(anonymous_15)","decl":{"start":{"line":107,"column":1},"end":{"line":107,"column":2}},"loc":{"start":{"line":107,"column":14},"end":{"line":116,"column":2}},"line":107},"16":{"name":"(anonymous_16)","decl":{"start":{"line":110,"column":4},"end":{"line":110,"column":5}},"loc":{"start":{"line":110,"column":28},"end":{"line":110,"column":63}},"line":110},"17":{"name":"(anonymous_17)","decl":{"start":{"line":118,"column":1},"end":{"line":118,"column":2}},"loc":{"start":{"line":118,"column":14},"end":{"line":127,"column":2}},"line":118},"18":{"name":"(anonymous_18)","decl":{"start":{"line":121,"column":4},"end":{"line":121,"column":5}},"loc":{"start":{"line":121,"column":28},"end":{"line":121,"column":63}},"line":121}},"branchMap":{"0":{"loc":{"start":{"line":16,"column":2},"end":{"line":21,"column":3}},"type":"if","locations":[{"start":{"line":16,"column":2},"end":{"line":21,"column":3}},{"start":{"line":16,"column":2},"end":{"line":21,"column":3}}],"line":16},"1":{"loc":{"start":{"line":50,"column":3},"end":{"line":53,"column":4}},"type":"if","locations":[{"start":{"line":50,"column":3},"end":{"line":53,"column":4}},{"start":{"line":50,"column":3},"end":{"line":53,"column":4}}],"line":50},"2":{"loc":{"start":{"line":61,"column":3},"end":{"line":63,"column":4}},"type":"if","locations":[{"start":{"line":61,"column":3},"end":{"line":63,"column":4}},{"start":{"line":61,"column":3},"end":{"line":63,"column":4}}],"line":61},"3":{"loc":{"start":{"line":72,"column":3},"end":{"line":74,"column":4}},"type":"if","locations":[{"start":{"line":72,"column":3},"end":{"line":74,"column":4}},{"start":{"line":72,"column":3},"end":{"line":74,"column":4}}],"line":72},"4":{"loc":{"start":{"line":81,"column":2},"end":{"line":96,"column":3}},"type":"if","locations":[{"start":{"line":81,"column":2},"end":{"line":96,"column":3}},{"start":{"line":81,"column":2},"end":{"line":96,"column":3}}],"line":81},"5":{"loc":{"start":{"line":87,"column":3},"end":{"line":95,"column":4}},"type":"if","locations":[{"start":{"line":87,"column":3},"end":{"line":95,"column":4}},{"start":{"line":87,"column":3},"end":{"line":95,"column":4}}],"line":87},"6":{"loc":{"start":{"line":108,"column":2},"end":{"line":114,"column":3}},"type":"if","locations":[{"start":{"line":108,"column":2},"end":{"line":114,"column":3}},{"start":{"line":108,"column":2},"end":{"line":114,"column":3}}],"line":108},"7":{"loc":{"start":{"line":119,"column":2},"end":{"line":125,"column":3}},"type":"if","locations":[{"start":{"line":119,"column":2},"end":{"line":125,"column":3}},{"start":{"line":119,"column":2},"end":{"line":125,"column":3}}],"line":119}},"s":{"0":5,"1":5,"2":5,"3":3,"4":3,"5":5,"6":5,"7":3,"8":3,"9":2,"10":2,"11":2,"12":2,"13":3,"14":5,"15":3,"16":3,"17":3,"18":3,"19":3,"20":3,"21":7,"22":2,"23":2,"24":1,"25":1,"26":3,"27":1,"28":1,"29":1,"30":2,"31":4,"32":2,"33":2,"34":3,"35":3,"36":1,"37":1,"38":1,"39":2,"40":2,"41":1,"42":1,"43":1,"44":1,"45":1,"46":1,"47":2,"48":1,"49":1,"50":1,"51":1,"52":1,"53":1,"54":0,"55":1,"56":1,"57":1,"58":1,"59":1,"60":0},"f":{"0":5,"1":3,"2":5,"3":2,"4":3,"5":5,"6":3,"7":3,"8":1,"9":3,"10":2,"11":4,"12":3,"13":1,"14":2,"15":1,"16":1,"17":1,"18":1},"b":{"0":[3,2],"1":[2,5],"2":[1,2],"3":[2,2],"4":[1,2],"5":[1,1],"6":[1,0],"7":[1,0]},"_coverageSchema":"43e27e138ebf9cfc5966b082cf9a028302ed4184","hash":"d3767924d67a5a0b0aaf6d743a8cbffe03bc1940"}
,"/home/adriana/code/cohort3/react-02/src/components/cities/citiesPojo.js": {"path":"/home/adriana/code/cohort3/react-02/src/components/cities/citiesPojo.js","statementMap":{"0":{"start":{"line":3,"column":2},"end":{"line":3,"column":17}},"1":{"start":{"line":4,"column":2},"end":{"line":4,"column":16}},"2":{"start":{"line":5,"column":2},"end":{"line":5,"column":27}},"3":{"start":{"line":6,"column":2},"end":{"line":6,"column":27}},"4":{"start":{"line":7,"column":2},"end":{"line":7,"column":29}},"5":{"start":{"line":8,"column":2},"end":{"line":8,"column":39}},"6":{"start":{"line":9,"column":2},"end":{"line":9,"column":23}},"7":{"start":{"line":10,"column":2},"end":{"line":10,"column":17}},"8":{"start":{"line":14,"column":16},"end":{"line":14,"column":126}},"9":{"start":{"line":15,"column":2},"end":{"line":15,"column":17}},"10":{"start":{"line":18,"column":2},"end":{"line":18,"column":30}},"11":{"start":{"line":21,"column":2},"end":{"line":21,"column":31}},"12":{"start":{"line":24,"column":19},"end":{"line":24,"column":34}},"13":{"start":{"line":25,"column":2},"end":{"line":43,"column":3}},"14":{"start":{"line":27,"column":4},"end":{"line":27,"column":23}},"15":{"start":{"line":28,"column":4},"end":{"line":28,"column":10}},"16":{"start":{"line":30,"column":4},"end":{"line":30,"column":29}},"17":{"start":{"line":31,"column":4},"end":{"line":31,"column":10}},"18":{"start":{"line":33,"column":4},"end":{"line":33,"column":23}},"19":{"start":{"line":34,"column":4},"end":{"line":34,"column":10}},"20":{"start":{"line":36,"column":4},"end":{"line":36,"column":26}},"21":{"start":{"line":37,"column":4},"end":{"line":37,"column":10}},"22":{"start":{"line":39,"column":4},"end":{"line":39,"column":25}},"23":{"start":{"line":40,"column":4},"end":{"line":40,"column":10}},"24":{"start":{"line":42,"column":4},"end":{"line":42,"column":10}},"25":{"start":{"line":44,"column":2},"end":{"line":44,"column":19}},"26":{"start":{"line":47,"column":17},"end":{"line":47,"column":30}},"27":{"start":{"line":48,"column":2},"end":{"line":52,"column":3}},"28":{"start":{"line":49,"column":3},"end":{"line":49,"column":52}},"29":{"start":{"line":51,"column":3},"end":{"line":51,"column":52}},"30":{"start":{"line":58,"column":2},"end":{"line":58,"column":19}},"31":{"start":{"line":59,"column":2},"end":{"line":59,"column":19}},"32":{"start":{"line":60,"column":2},"end":{"line":60,"column":20}},"33":{"start":{"line":61,"column":2},"end":{"line":61,"column":39}},"34":{"start":{"line":64,"column":2},"end":{"line":68,"column":14}},"35":{"start":{"line":67,"column":17},"end":{"line":67,"column":67}},"36":{"start":{"line":71,"column":2},"end":{"line":71,"column":26}},"37":{"start":{"line":72,"column":16},"end":{"line":72,"column":38}},"38":{"start":{"line":73,"column":18},"end":{"line":79,"column":3}},"39":{"start":{"line":80,"column":2},"end":{"line":80,"column":42}},"40":{"start":{"line":81,"column":2},"end":{"line":81,"column":31}},"41":{"start":{"line":82,"column":2},"end":{"line":82,"column":28}},"42":{"start":{"line":83,"column":2},"end":{"line":83,"column":34}},"43":{"start":{"line":84,"column":2},"end":{"line":84,"column":46}},"44":{"start":{"line":85,"column":2},"end":{"line":85,"column":17}},"45":{"start":{"line":88,"column":2},"end":{"line":99,"column":3}},"46":{"start":{"line":89,"column":3},"end":{"line":97,"column":6}},"47":{"start":{"line":90,"column":4},"end":{"line":96,"column":6}},"48":{"start":{"line":98,"column":3},"end":{"line":98,"column":68}},"49":{"start":{"line":100,"column":2},"end":{"line":100,"column":21}},"50":{"start":{"line":103,"column":19},"end":{"line":103,"column":24}},"51":{"start":{"line":104,"column":2},"end":{"line":114,"column":3}},"52":{"start":{"line":105,"column":3},"end":{"line":113,"column":6}},"53":{"start":{"line":106,"column":4},"end":{"line":112,"column":5}},"54":{"start":{"line":110,"column":5},"end":{"line":110,"column":23}},"55":{"start":{"line":111,"column":5},"end":{"line":111,"column":54}},"56":{"start":{"line":115,"column":2},"end":{"line":115,"column":20}},"57":{"start":{"line":118,"column":17},"end":{"line":118,"column":48}},"58":{"start":{"line":119,"column":2},"end":{"line":119,"column":35}},"59":{"start":{"line":120,"column":2},"end":{"line":120,"column":63}},"60":{"start":{"line":123,"column":21},"end":{"line":123,"column":23}},"61":{"start":{"line":124,"column":2},"end":{"line":128,"column":3}},"62":{"start":{"line":125,"column":3},"end":{"line":127,"column":4}},"63":{"start":{"line":126,"column":4},"end":{"line":126,"column":21}},"64":{"start":{"line":129,"column":2},"end":{"line":129,"column":22}},"65":{"start":{"line":132,"column":2},"end":{"line":141,"column":3}},"66":{"start":{"line":133,"column":3},"end":{"line":137,"column":4}},"67":{"start":{"line":134,"column":4},"end":{"line":135,"column":66}},"68":{"start":{"line":136,"column":4},"end":{"line":136,"column":17}},"69":{"start":{"line":138,"column":3},"end":{"line":138,"column":34}},"70":{"start":{"line":140,"column":3},"end":{"line":140,"column":33}},"71":{"start":{"line":142,"column":2},"end":{"line":142,"column":67}},"72":{"start":{"line":143,"column":2},"end":{"line":143,"column":17}},"73":{"start":{"line":146,"column":24},"end":{"line":149,"column":3}},"74":{"start":{"line":147,"column":26},"end":{"line":147,"column":55}},"75":{"start":{"line":150,"column":2},"end":{"line":150,"column":25}},"76":{"start":{"line":153,"column":2},"end":{"line":156,"column":3}},"77":{"start":{"line":154,"column":3},"end":{"line":154,"column":71}},"78":{"start":{"line":154,"column":38},"end":{"line":154,"column":69}},"79":{"start":{"line":155,"column":3},"end":{"line":155,"column":34}},"80":{"start":{"line":157,"column":2},"end":{"line":157,"column":15}},"81":{"start":{"line":160,"column":2},"end":{"line":163,"column":3}},"82":{"start":{"line":161,"column":3},"end":{"line":161,"column":71}},"83":{"start":{"line":161,"column":38},"end":{"line":161,"column":69}},"84":{"start":{"line":162,"column":3},"end":{"line":162,"column":34}},"85":{"start":{"line":164,"column":2},"end":{"line":164,"column":15}}},"fnMap":{"0":{"name":"(anonymous_0)","decl":{"start":{"line":2,"column":1},"end":{"line":2,"column":2}},"loc":{"start":{"line":2,"column":61},"end":{"line":11,"column":2}},"line":2},"1":{"name":"(anonymous_1)","decl":{"start":{"line":13,"column":1},"end":{"line":13,"column":2}},"loc":{"start":{"line":13,"column":8},"end":{"line":16,"column":2}},"line":13},"2":{"name":"(anonymous_2)","decl":{"start":{"line":17,"column":1},"end":{"line":17,"column":2}},"loc":{"start":{"line":17,"column":19},"end":{"line":19,"column":2}},"line":17},"3":{"name":"(anonymous_3)","decl":{"start":{"line":20,"column":1},"end":{"line":20,"column":2}},"loc":{"start":{"line":20,"column":21},"end":{"line":22,"column":2}},"line":20},"4":{"name":"(anonymous_4)","decl":{"start":{"line":23,"column":1},"end":{"line":23,"column":2}},"loc":{"start":{"line":23,"column":10},"end":{"line":45,"column":2}},"line":23},"5":{"name":"(anonymous_5)","decl":{"start":{"line":46,"column":1},"end":{"line":46,"column":2}},"loc":{"start":{"line":46,"column":15},"end":{"line":53,"column":2}},"line":46},"6":{"name":"(anonymous_6)","decl":{"start":{"line":57,"column":1},"end":{"line":57,"column":2}},"loc":{"start":{"line":57,"column":15},"end":{"line":62,"column":2}},"line":57},"7":{"name":"(anonymous_7)","decl":{"start":{"line":63,"column":1},"end":{"line":63,"column":2}},"loc":{"start":{"line":63,"column":20},"end":{"line":69,"column":2}},"line":63},"8":{"name":"(anonymous_8)","decl":{"start":{"line":67,"column":8},"end":{"line":67,"column":9}},"loc":{"start":{"line":67,"column":17},"end":{"line":67,"column":67}},"line":67},"9":{"name":"(anonymous_9)","decl":{"start":{"line":70,"column":1},"end":{"line":70,"column":2}},"loc":{"start":{"line":70,"column":64},"end":{"line":86,"column":2}},"line":70},"10":{"name":"(anonymous_10)","decl":{"start":{"line":87,"column":1},"end":{"line":87,"column":2}},"loc":{"start":{"line":87,"column":30},"end":{"line":101,"column":2}},"line":87},"11":{"name":"(anonymous_11)","decl":{"start":{"line":89,"column":18},"end":{"line":89,"column":19}},"loc":{"start":{"line":89,"column":26},"end":{"line":97,"column":4}},"line":89},"12":{"name":"(anonymous_12)","decl":{"start":{"line":102,"column":1},"end":{"line":102,"column":2}},"loc":{"start":{"line":102,"column":38},"end":{"line":116,"column":2}},"line":102},"13":{"name":"(anonymous_13)","decl":{"start":{"line":105,"column":23},"end":{"line":105,"column":24}},"loc":{"start":{"line":105,"column":31},"end":{"line":113,"column":4}},"line":105},"14":{"name":"(anonymous_14)","decl":{"start":{"line":117,"column":1},"end":{"line":117,"column":2}},"loc":{"start":{"line":117,"column":23},"end":{"line":121,"column":2}},"line":117},"15":{"name":"(anonymous_15)","decl":{"start":{"line":122,"column":1},"end":{"line":122,"column":2}},"loc":{"start":{"line":122,"column":17},"end":{"line":130,"column":2}},"line":122},"16":{"name":"(anonymous_16)","decl":{"start":{"line":131,"column":1},"end":{"line":131,"column":2}},"loc":{"start":{"line":131,"column":50},"end":{"line":144,"column":2}},"line":131},"17":{"name":"(anonymous_17)","decl":{"start":{"line":145,"column":1},"end":{"line":145,"column":2}},"loc":{"start":{"line":145,"column":19},"end":{"line":151,"column":2}},"line":145},"18":{"name":"(anonymous_18)","decl":{"start":{"line":147,"column":3},"end":{"line":147,"column":4}},"loc":{"start":{"line":147,"column":26},"end":{"line":147,"column":55}},"line":147},"19":{"name":"(anonymous_19)","decl":{"start":{"line":152,"column":1},"end":{"line":152,"column":2}},"loc":{"start":{"line":152,"column":19},"end":{"line":158,"column":2}},"line":152},"20":{"name":"(anonymous_20)","decl":{"start":{"line":154,"column":20},"end":{"line":154,"column":21}},"loc":{"start":{"line":154,"column":38},"end":{"line":154,"column":69}},"line":154},"21":{"name":"(anonymous_21)","decl":{"start":{"line":159,"column":1},"end":{"line":159,"column":2}},"loc":{"start":{"line":159,"column":19},"end":{"line":165,"column":2}},"line":159},"22":{"name":"(anonymous_22)","decl":{"start":{"line":161,"column":20},"end":{"line":161,"column":21}},"loc":{"start":{"line":161,"column":38},"end":{"line":161,"column":69}},"line":161}},"branchMap":{"0":{"loc":{"start":{"line":25,"column":2},"end":{"line":43,"column":3}},"type":"switch","locations":[{"start":{"line":26,"column":3},"end":{"line":28,"column":10}},{"start":{"line":29,"column":3},"end":{"line":31,"column":10}},{"start":{"line":32,"column":3},"end":{"line":34,"column":10}},{"start":{"line":35,"column":3},"end":{"line":37,"column":10}},{"start":{"line":38,"column":3},"end":{"line":40,"column":10}},{"start":{"line":41,"column":3},"end":{"line":42,"column":10}}],"line":25},"1":{"loc":{"start":{"line":48,"column":2},"end":{"line":52,"column":3}},"type":"if","locations":[{"start":{"line":48,"column":2},"end":{"line":52,"column":3}},{"start":{"line":48,"column":2},"end":{"line":52,"column":3}}],"line":48},"2":{"loc":{"start":{"line":88,"column":2},"end":{"line":99,"column":3}},"type":"if","locations":[{"start":{"line":88,"column":2},"end":{"line":99,"column":3}},{"start":{"line":88,"column":2},"end":{"line":99,"column":3}}],"line":88},"3":{"loc":{"start":{"line":104,"column":2},"end":{"line":114,"column":3}},"type":"if","locations":[{"start":{"line":104,"column":2},"end":{"line":114,"column":3}},{"start":{"line":104,"column":2},"end":{"line":114,"column":3}}],"line":104},"4":{"loc":{"start":{"line":106,"column":4},"end":{"line":112,"column":5}},"type":"if","locations":[{"start":{"line":106,"column":4},"end":{"line":112,"column":5}},{"start":{"line":106,"column":4},"end":{"line":112,"column":5}}],"line":106},"5":{"loc":{"start":{"line":107,"column":5},"end":{"line":108,"column":33}},"type":"binary-expr","locations":[{"start":{"line":107,"column":5},"end":{"line":107,"column":31}},{"start":{"line":108,"column":5},"end":{"line":108,"column":33}}],"line":107},"6":{"loc":{"start":{"line":125,"column":3},"end":{"line":127,"column":4}},"type":"if","locations":[{"start":{"line":125,"column":3},"end":{"line":127,"column":4}},{"start":{"line":125,"column":3},"end":{"line":127,"column":4}}],"line":125},"7":{"loc":{"start":{"line":132,"column":2},"end":{"line":141,"column":3}},"type":"if","locations":[{"start":{"line":132,"column":2},"end":{"line":141,"column":3}},{"start":{"line":132,"column":2},"end":{"line":141,"column":3}}],"line":132},"8":{"loc":{"start":{"line":133,"column":3},"end":{"line":137,"column":4}},"type":"if","locations":[{"start":{"line":133,"column":3},"end":{"line":137,"column":4}},{"start":{"line":133,"column":3},"end":{"line":137,"column":4}}],"line":133},"9":{"loc":{"start":{"line":153,"column":2},"end":{"line":156,"column":3}},"type":"if","locations":[{"start":{"line":153,"column":2},"end":{"line":156,"column":3}},{"start":{"line":153,"column":2},"end":{"line":156,"column":3}}],"line":153},"10":{"loc":{"start":{"line":160,"column":2},"end":{"line":163,"column":3}},"type":"if","locations":[{"start":{"line":160,"column":2},"end":{"line":163,"column":3}},{"start":{"line":160,"column":2},"end":{"line":163,"column":3}}],"line":160}},"s":{"0":18,"1":18,"2":18,"3":18,"4":18,"5":18,"6":18,"7":18,"8":1,"9":1,"10":4,"11":2,"12":13,"13":13,"14":3,"15":3,"16":4,"17":4,"18":3,"19":3,"20":2,"21":2,"22":1,"23":1,"24":0,"25":13,"26":10,"27":10,"28":8,"29":2,"30":4,"31":4,"32":4,"33":4,"34":8,"35":11,"36":8,"37":8,"38":8,"39":8,"40":8,"41":8,"42":8,"43":8,"44":8,"45":1,"46":1,"47":3,"48":1,"49":1,"50":2,"51":2,"52":1,"53":1,"54":1,"55":1,"56":2,"57":1,"58":1,"59":1,"60":0,"61":0,"62":0,"63":0,"64":0,"65":2,"66":1,"67":0,"68":0,"69":1,"70":1,"71":2,"72":2,"73":1,"74":4,"75":1,"76":1,"77":1,"78":3,"79":1,"80":0,"81":1,"82":1,"83":2,"84":1,"85":0},"f":{"0":18,"1":1,"2":4,"3":2,"4":13,"5":10,"6":4,"7":8,"8":11,"9":8,"10":1,"11":3,"12":2,"13":1,"14":1,"15":0,"16":2,"17":1,"18":4,"19":1,"20":3,"21":1,"22":2},"b":{"0":[3,4,3,2,1,0],"1":[8,2],"2":[1,0],"3":[1,1],"4":[1,0],"5":[1,1],"6":[0,0],"7":[1,1],"8":[0,1],"9":[1,0],"10":[1,0]},"_coverageSchema":"43e27e138ebf9cfc5966b082cf9a028302ed4184","hash":"2c801192c229a3f020fe6b1d122318bf56ef7919"}
}
