TN:
SF:/home/adriana/code/cohort3/react-02/src/components/ticTacToe.js
FN:5,Square
FN:7,(anonymous_1)
FN:14,(anonymous_2)
FN:18,(anonymous_3)
FN:23,(anonymous_4)
FN:47,(anonymous_5)
FN:60,(anonymous_6)
FN:78,(anonymous_7)
FN:85,(anonymous_8)
FN:90,(anonymous_9)
FN:96,(anonymous_10)
FN:118,(anonymous_11)
FN:133,calculateWinner
FNF:13
FNH:0
FNDA:0,Square
FNDA:0,(anonymous_1)
FNDA:0,(anonymous_2)
FNDA:0,(anonymous_3)
FNDA:0,(anonymous_4)
FNDA:0,(anonymous_5)
FNDA:0,(anonymous_6)
FNDA:0,(anonymous_7)
FNDA:0,(anonymous_8)
FNDA:0,(anonymous_9)
FNDA:0,(anonymous_10)
FNDA:0,(anonymous_11)
FNDA:0,calculateWinner
DA:6,0
DA:7,0
DA:15,0
DA:18,0
DA:24,0
DA:48,0
DA:49,0
DA:61,0
DA:62,0
DA:63,0
DA:64,0
DA:65,0
DA:67,0
DA:68,0
DA:79,0
DA:86,0
DA:87,0
DA:88,0
DA:90,0
DA:91,0
DA:92,0
DA:96,0
DA:105,0
DA:106,0
DA:108,0
DA:111,0
DA:118,0
DA:134,0
DA:144,0
DA:145,0
DA:146,0
DA:151,0
DA:154,0
DA:155,0
DA:157,0
LF:35
LH:0
BRDA:64,0,0,0
BRDA:64,0,1,0
BRDA:64,1,0,0
BRDA:64,1,1,0
BRDA:67,2,0,0
BRDA:67,2,1,0
BRDA:91,3,0,0
BRDA:91,3,1,0
BRDA:105,4,0,0
BRDA:105,4,1,0
BRDA:108,5,0,0
BRDA:108,5,1,0
BRDA:146,6,0,0
BRDA:146,6,1,0
BRDA:147,7,0,0
BRDA:147,7,1,0
BRDA:147,7,2,0
BRDA:155,8,0,0
BRDA:155,8,1,0
BRF:19
BRH:0
end_of_record
TN:
SF:/home/adriana/code/cohort3/react-02/src/components/accounts/accountsLogic.js
FN:3,(anonymous_0)
FN:9,(anonymous_1)
FN:14,(anonymous_2)
FN:26,(anonymous_3)
FN:32,(anonymous_4)
FN:36,(anonymous_5)
FN:40,(anonymous_6)
FN:48,(anonymous_7)
FN:58,(anonymous_8)
FN:60,(anonymous_9)
FN:69,(anonymous_10)
FN:71,(anonymous_11)
FN:79,(anonymous_12)
FN:99,(anonymous_13)
FN:101,(anonymous_14)
FN:107,(anonymous_15)
FN:110,(anonymous_16)
FN:118,(anonymous_17)
FN:121,(anonymous_18)
FNF:19
FNH:19
FNDA:5,(anonymous_0)
FNDA:3,(anonymous_1)
FNDA:5,(anonymous_2)
FNDA:2,(anonymous_3)
FNDA:3,(anonymous_4)
FNDA:5,(anonymous_5)
FNDA:3,(anonymous_6)
FNDA:3,(anonymous_7)
FNDA:1,(anonymous_8)
FNDA:3,(anonymous_9)
FNDA:2,(anonymous_10)
FNDA:4,(anonymous_11)
FNDA:3,(anonymous_12)
FNDA:1,(anonymous_13)
FNDA:2,(anonymous_14)
FNDA:1,(anonymous_15)
FNDA:1,(anonymous_16)
FNDA:1,(anonymous_17)
FNDA:1,(anonymous_18)
DA:4,5
DA:5,5
DA:6,5
DA:10,3
DA:11,3
DA:15,5
DA:16,5
DA:17,3
DA:18,3
DA:20,2
DA:27,2
DA:28,2
DA:29,2
DA:33,3
DA:36,5
DA:41,3
DA:42,3
DA:43,3
DA:44,3
DA:45,3
DA:49,3
DA:50,7
DA:51,2
DA:52,2
DA:55,1
DA:60,1
DA:61,3
DA:62,1
DA:65,1
DA:66,1
DA:71,2
DA:72,4
DA:73,2
DA:76,2
DA:80,3
DA:81,3
DA:82,1
DA:83,1
DA:84,1
DA:86,2
DA:87,2
DA:88,1
DA:90,1
DA:92,1
DA:93,1
DA:94,1
DA:100,1
DA:101,2
DA:104,1
DA:108,1
DA:109,1
DA:110,1
DA:112,1
DA:113,1
DA:115,0
DA:119,1
DA:120,1
DA:121,1
DA:123,1
DA:124,1
DA:126,0
LF:61
LH:59
BRDA:16,0,0,3
BRDA:16,0,1,2
BRDA:50,1,0,2
BRDA:50,1,1,5
BRDA:61,2,0,1
BRDA:61,2,1,2
BRDA:72,3,0,2
BRDA:72,3,1,2
BRDA:81,4,0,1
BRDA:81,4,1,2
BRDA:87,5,0,1
BRDA:87,5,1,1
BRDA:108,6,0,1
BRDA:108,6,1,0
BRDA:119,7,0,1
BRDA:119,7,1,0
BRF:16
BRH:14
end_of_record
TN:
SF:/home/adriana/code/cohort3/react-02/src/components/cities/citiesPojo.js
FN:2,(anonymous_0)
FN:13,(anonymous_1)
FN:17,(anonymous_2)
FN:20,(anonymous_3)
FN:23,(anonymous_4)
FN:46,(anonymous_5)
FN:57,(anonymous_6)
FN:63,(anonymous_7)
FN:67,(anonymous_8)
FN:70,(anonymous_9)
FN:87,(anonymous_10)
FN:89,(anonymous_11)
FN:102,(anonymous_12)
FN:105,(anonymous_13)
FN:117,(anonymous_14)
FN:122,(anonymous_15)
FN:131,(anonymous_16)
FN:145,(anonymous_17)
FN:147,(anonymous_18)
FN:152,(anonymous_19)
FN:154,(anonymous_20)
FN:159,(anonymous_21)
FN:161,(anonymous_22)
FNF:23
FNH:22
FNDA:18,(anonymous_0)
FNDA:1,(anonymous_1)
FNDA:4,(anonymous_2)
FNDA:2,(anonymous_3)
FNDA:13,(anonymous_4)
FNDA:10,(anonymous_5)
FNDA:4,(anonymous_6)
FNDA:8,(anonymous_7)
FNDA:11,(anonymous_8)
FNDA:8,(anonymous_9)
FNDA:1,(anonymous_10)
FNDA:3,(anonymous_11)
FNDA:2,(anonymous_12)
FNDA:1,(anonymous_13)
FNDA:1,(anonymous_14)
FNDA:0,(anonymous_15)
FNDA:2,(anonymous_16)
FNDA:1,(anonymous_17)
FNDA:4,(anonymous_18)
FNDA:1,(anonymous_19)
FNDA:3,(anonymous_20)
FNDA:1,(anonymous_21)
FNDA:2,(anonymous_22)
DA:3,18
DA:4,18
DA:5,18
DA:6,18
DA:7,18
DA:8,18
DA:9,18
DA:10,18
DA:14,1
DA:15,1
DA:18,4
DA:21,2
DA:24,13
DA:25,13
DA:27,3
DA:28,3
DA:30,4
DA:31,4
DA:33,3
DA:34,3
DA:36,2
DA:37,2
DA:39,1
DA:40,1
DA:42,0
DA:44,13
DA:47,10
DA:48,10
DA:49,8
DA:51,2
DA:58,4
DA:59,4
DA:60,4
DA:61,4
DA:64,8
DA:67,11
DA:71,8
DA:72,8
DA:73,8
DA:80,8
DA:81,8
DA:82,8
DA:83,8
DA:84,8
DA:85,8
DA:88,1
DA:89,1
DA:90,3
DA:98,1
DA:100,1
DA:103,2
DA:104,2
DA:105,1
DA:106,1
DA:110,1
DA:111,1
DA:115,2
DA:118,1
DA:119,1
DA:120,1
DA:123,0
DA:124,0
DA:125,0
DA:126,0
DA:129,0
DA:132,2
DA:133,1
DA:134,0
DA:136,0
DA:138,1
DA:140,1
DA:142,2
DA:143,2
DA:146,1
DA:147,4
DA:150,1
DA:153,1
DA:154,3
DA:155,1
DA:157,0
DA:160,1
DA:161,2
DA:162,1
DA:164,0
LF:84
LH:74
BRDA:25,0,0,3
BRDA:25,0,1,4
BRDA:25,0,2,3
BRDA:25,0,3,2
BRDA:25,0,4,1
BRDA:25,0,5,0
BRDA:48,1,0,8
BRDA:48,1,1,2
BRDA:88,2,0,1
BRDA:88,2,1,0
BRDA:104,3,0,1
BRDA:104,3,1,1
BRDA:106,4,0,1
BRDA:106,4,1,0
BRDA:107,5,0,1
BRDA:107,5,1,1
BRDA:125,6,0,0
BRDA:125,6,1,0
BRDA:132,7,0,1
BRDA:132,7,1,1
BRDA:133,8,0,0
BRDA:133,8,1,1
BRDA:153,9,0,1
BRDA:153,9,1,0
BRDA:160,10,0,1
BRDA:160,10,1,0
BRF:26
BRH:18
end_of_record
